# JRE version: Java(TM) SE Runtime Environment (21.0.1+12) (build 21.0.1+12-LTS-29)
# Java VM: Java HotSpot(TM) 64-Bit Server VM (21.0.1+12-LTS-29, mixed mode, emulated-client, sharing, tiered, compressed oops, compressed class ptrs, g1 gc, windows-amd64)
GC Precious Log:
 CardTable entry size: 512
 Card Set container configuration: InlinePtr #cards 5 size 8 Array Of Cards #cards 12 size 40 Howl #buckets 4 coarsen threshold 1843 Howl Bitmap #cards 512 size 80 coarsen threshold 460 Card regions per heap region 1 cards per card region 2048
 CPUs: 4 total, 4 available
 Memory: 7981M
 Large Page Support: Disabled
 NUMA Support: Disabled
 Compressed Oops: Enabled (32-bit)
 Heap Region Size: 1M
 Heap Min Capacity: 8M
 Heap Initial Capacity: 126M
 Heap Max Capacity: 1996M
 Pre-touch: Disabled
 Parallel Workers: 4
 Concurrent Workers: 1
 Concurrent Refinement Workers: 4
 Periodic GC: Disabled
Heap:
 garbage-first heap   total 99328K, used 39273K [0x0000000083400000, 0x0000000100000000)
  region size 1024K, 11 young (11264K), 5 survivors (5120K)
 Metaspace       used 79411K, committed 80448K, reserved 1179648K
  class space    used 10796K, committed 11264K, reserved 1048576K
GC Heap History (20 events):
Event: 1190.743 GC heap before
{Heap before GC invocations=71 (full 17):
 garbage-first heap   total 84992K, used 73265K [0x0000000083400000, 0x0000000100000000)
  region size 1024K, 43 young (44032K), 0 survivors (0K)
 Metaspace       used 78125K, committed 79104K, reserved 1179648K
  class space    used 10684K, committed 11136K, reserved 1048576K
}
Event: 1190.755 GC heap after
{Heap after GC invocations=72 (full 17):
 garbage-first heap   total 84992K, used 33828K [0x0000000083400000, 0x0000000100000000)
  region size 1024K, 5 young (5120K), 5 survivors (5120K)
 Metaspace       used 78125K, committed 79104K, reserved 1179648K
  class space    used 10684K, committed 11136K, reserved 1048576K
}
Event: 1224.027 GC heap before
{Heap before GC invocations=72 (full 17):
 garbage-first heap   total 84992K, used 72740K [0x0000000083400000, 0x0000000100000000)
  region size 1024K, 43 young (44032K), 5 survivors (5120K)
 Metaspace       used 78328K, committed 79296K, reserved 1179648K
  class space    used 10699K, committed 11136K, reserved 1048576K
}
Event: 1224.042 GC heap after
{Heap after GC invocations=73 (full 17):
 garbage-first heap   total 84992K, used 32584K [0x0000000083400000, 0x0000000100000000)
  region size 1024K, 1 young (1024K), 1 survivors (1024K)
 Metaspace       used 78328K, committed 79296K, reserved 1179648K
  class space    used 10699K, committed 11136K, reserved 1048576K
}
Event: 1224.046 GC heap before
{Heap before GC invocations=73 (full 17):
 garbage-first heap   total 84992K, used 32584K [0x0000000083400000, 0x0000000100000000)
  region size 1024K, 2 young (2048K), 1 survivors (1024K)
 Metaspace       used 78331K, committed 79296K, reserved 1179648K
  class space    used 10699K, committed 11136K, reserved 1048576K
}
Event: 1224.108 GC heap after
{Heap after GC invocations=74 (full 18):
 garbage-first heap   total 84992K, used 28952K [0x0000000083400000, 0x0000000100000000)
  region size 1024K, 0 young (0K), 0 survivors (0K)
 Metaspace       used 78327K, committed 79296K, reserved 1179648K
  class space    used 10699K, committed 11136K, reserved 1048576K
}
Event: 1224.773 GC heap before
{Heap before GC invocations=74 (full 18):
 garbage-first heap   total 84992K, used 72984K [0x0000000083400000, 0x0000000100000000)
  region size 1024K, 43 young (44032K), 0 survivors (0K)
 Metaspace       used 78398K, committed 79360K, reserved 1179648K
  class space    used 10713K, committed 11136K, reserved 1048576K
}
Event: 1224.788 GC heap after
{Heap after GC invocations=75 (full 18):
 garbage-first heap   total 237568K, used 33192K [0x0000000083400000, 0x0000000100000000)
  region size 1024K, 5 young (5120K), 5 survivors (5120K)
 Metaspace       used 78398K, committed 79360K, reserved 1179648K
  class space    used 10713K, committed 11136K, reserved 1048576K
}
Event: 1234.890 GC heap before
{Heap before GC invocations=75 (full 18):
 garbage-first heap   total 237568K, used 75176K [0x0000000083400000, 0x0000000100000000)
  region size 1024K, 48 young (49152K), 5 survivors (5120K)
 Metaspace       used 78602K, committed 79552K, reserved 1179648K
  class space    used 10726K, committed 11136K, reserved 1048576K
}
Event: 1234.946 GC heap after
{Heap after GC invocations=76 (full 19):
 garbage-first heap   total 106496K, used 29225K [0x0000000083400000, 0x0000000100000000)
  region size 1024K, 0 young (0K), 0 survivors (0K)
 Metaspace       used 78600K, committed 79552K, reserved 1179648K
  class space    used 10725K, committed 11136K, reserved 1048576K
}
Event: 1235.813 GC heap before
{Heap before GC invocations=76 (full 19):
 garbage-first heap   total 106496K, used 86569K [0x0000000083400000, 0x0000000100000000)
  region size 1024K, 57 young (58368K), 0 survivors (0K)
 Metaspace       used 78838K, committed 79808K, reserved 1179648K
  class space    used 10746K, committed 11200K, reserved 1048576K
}
Event: 1235.819 GC heap after
{Heap after GC invocations=77 (full 19):
 garbage-first heap   total 106496K, used 34920K [0x0000000083400000, 0x0000000100000000)
  region size 1024K, 6 young (6144K), 6 survivors (6144K)
 Metaspace       used 78838K, committed 79808K, reserved 1179648K
  class space    used 10746K, committed 11200K, reserved 1048576K
}
Event: 1379.101 GC heap before
{Heap before GC invocations=78 (full 19):
 garbage-first heap   total 106496K, used 64616K [0x0000000083400000, 0x0000000100000000)
  region size 1024K, 36 young (36864K), 6 survivors (6144K)
 Metaspace       used 78870K, committed 79872K, reserved 1179648K
  class space    used 10748K, committed 11200K, reserved 1048576K
}
Event: 1379.171 GC heap after
{Heap after GC invocations=79 (full 20):
 garbage-first heap   total 99328K, used 29378K [0x0000000083400000, 0x0000000100000000)
  region size 1024K, 0 young (0K), 0 survivors (0K)
 Metaspace       used 78868K, committed 79872K, reserved 1179648K
  class space    used 10748K, committed 11200K, reserved 1048576K
}
Event: 1379.902 GC heap before
{Heap before GC invocations=79 (full 20):
 garbage-first heap   total 99328K, used 82626K [0x0000000083400000, 0x0000000100000000)
  region size 1024K, 53 young (54272K), 0 survivors (0K)
 Metaspace       used 78989K, committed 79936K, reserved 1179648K
  class space    used 10763K, committed 11200K, reserved 1048576K
}
Event: 1379.915 GC heap after
{Heap after GC invocations=80 (full 20):
 garbage-first heap   total 99328K, used 34900K [0x0000000083400000, 0x0000000100000000)
  region size 1024K, 6 young (6144K), 6 survivors (6144K)
 Metaspace       used 78989K, committed 79936K, reserved 1179648K
  class space    used 10763K, committed 11200K, reserved 1048576K
}
Event: 1428.442 GC heap before
{Heap before GC invocations=80 (full 20):
 garbage-first heap   total 99328K, used 64596K [0x0000000083400000, 0x0000000100000000)
  region size 1024K, 36 young (36864K), 6 survivors (6144K)
 Metaspace       used 79142K, committed 80128K, reserved 1179648K
  class space    used 10772K, committed 11200K, reserved 1048576K
}
Event: 1428.510 GC heap after
{Heap after GC invocations=81 (full 21):
 garbage-first heap   total 99328K, used 29033K [0x0000000083400000, 0x0000000100000000)
  region size 1024K, 0 young (0K), 0 survivors (0K)
 Metaspace       used 79135K, committed 80128K, reserved 1179648K
  class space    used 10770K, committed 11200K, reserved 1048576K
}
Event: 1429.332 GC heap before
{Heap before GC invocations=81 (full 21):
 garbage-first heap   total 99328K, used 82281K [0x0000000083400000, 0x0000000100000000)
  region size 1024K, 53 young (54272K), 0 survivors (0K)
 Metaspace       used 79262K, committed 80256K, reserved 1179648K
  class space    used 10788K, committed 11264K, reserved 1048576K
}
Event: 1429.338 GC heap after
{Heap after GC invocations=82 (full 21):
 garbage-first heap   total 99328K, used 34153K [0x0000000083400000, 0x0000000100000000)
  region size 1024K, 5 young (5120K), 5 survivors (5120K)
 Metaspace       used 79262K, committed 80256K, reserved 1179648K
  class space    used 10788K, committed 11264K, reserved 1048576K
}

